2024-10-21 17:35:45,328 [Worker-1: Loading available Gradle versions] INFO  o.e.b.c.i.u.g.PublishedGradleVersions - Gradle version information cache is out-of-date. Trying to update.
2024-10-21 17:36:18,712 [Worker-2: Update Maven projects configuration] INFO  o.e.m.c.i.p.ProjectConfigurationManager - Update started
2024-10-21 17:36:29,091 [Worker-2: Update Maven projects configuration] INFO  o.e.m.c.i.l.LifecycleMappingFactory - Using org.eclipse.m2e.jdt.JarLifecycleMapping lifecycle mapping for MavenProject: com.project.ems:EmployeeManagementSystem:0.0.1-SNAPSHOT @ D:\2.EmployeeManagementProject\EmployeeManagementSystem-main\emsBackend\pom.xml.
2024-10-21 17:36:42,187 [Worker-2: Update Maven projects configuration] INFO  o.e.m.j.i.AbstractJavaProjectConfigurator - Adding source folder /emsBackend/src/main/java
2024-10-21 17:36:42,194 [Worker-2: Update Maven projects configuration] INFO  o.e.m.j.i.AbstractJavaProjectConfigurator - Adding resource folder /emsBackend/src/main/resources
2024-10-21 17:36:42,511 [Worker-2: Update Maven projects configuration] INFO  o.e.m.j.i.AbstractJavaProjectConfigurator - Adding resource folder /emsBackend/src/main/resources
2024-10-21 17:36:43,011 [Worker-2: Update Maven projects configuration] INFO  o.e.m.j.i.AbstractJavaProjectConfigurator - Adding source folder /emsBackend/src/test/java
2024-10-21 17:36:43,014 [Worker-2: Update Maven projects configuration] INFO  o.e.m.j.i.AbstractJavaProjectConfigurator - Adding resource folder /emsBackend/src/test/resources
2024-10-21 17:36:57,344 [Worker-2: Update Maven projects configuration] INFO  o.e.m.c.i.p.ProjectConfigurationManager - Update completed for 1 poms: local refresh takes 0.00 sec, refresh facades takes 19.00 sec, update config takes 18.00 sec 
2024-10-21 17:36:59,385 [Worker-0: Building] INFO  o.a.m.s.f.DefaultMavenResourcesFiltering - Copying 1 resource from src\main\resources to target\classes
2024-10-21 17:36:59,525 [Worker-0: Building] INFO  o.a.m.s.f.DefaultMavenResourcesFiltering - Copying 0 resource from src\main\resources to target\classes
2024-10-21 17:36:59,595 [Worker-0: Building] INFO  o.a.m.s.f.DefaultMavenResourcesFiltering - skip non existing resourceDirectory D:\2.EmployeeManagementProject\EmployeeManagementSystem-main\emsBackend\src\test\resources
2024-10-21 17:40:30,118 [Worker-7: Building] INFO  o.a.m.s.f.DefaultMavenResourcesFiltering - Copying 1 resource from src\main\resources to target\classes
2024-10-21 17:40:30,160 [Worker-7: Building] INFO  o.a.m.s.f.DefaultMavenResourcesFiltering - Copying 0 resource from src\main\resources to target\classes
2024-10-21 17:40:30,274 [Worker-7: Building] INFO  o.a.m.s.f.DefaultMavenResourcesFiltering - skip non existing resourceDirectory D:\2.EmployeeManagementProject\EmployeeManagementSystem-main\emsBackend\src\test\resources
2024-10-21 17:42:39,467 [Worker-7: Building] INFO  o.a.m.s.f.DefaultMavenResourcesFiltering - Copying 1 resource from src\main\resources to target\classes
2024-10-21 17:42:39,484 [Worker-7: Building] INFO  o.a.m.s.f.DefaultMavenResourcesFiltering - Copying 0 resource from src\main\resources to target\classes
2024-10-21 17:42:39,496 [Worker-7: Building] INFO  o.a.m.s.f.DefaultMavenResourcesFiltering - skip non existing resourceDirectory D:\2.EmployeeManagementProject\EmployeeManagementSystem-main\emsBackend\src\test\resources
2024-10-21 17:48:59,428 [Worker-10: Building] INFO  o.a.m.s.f.DefaultMavenResourcesFiltering - Copying 1 resource from src\main\resources to target\classes
2024-10-21 17:48:59,460 [Worker-10: Building] INFO  o.a.m.s.f.DefaultMavenResourcesFiltering - Copying 0 resource from src\main\resources to target\classes
2024-10-21 17:48:59,475 [Worker-10: Building] INFO  o.a.m.s.f.DefaultMavenResourcesFiltering - skip non existing resourceDirectory D:\2.EmployeeManagementProject\EmployeeManagementSystem-main\emsBackend\src\test\resources
2024-10-21 17:52:29,720 [Worker-11: Building] INFO  o.a.m.s.f.DefaultMavenResourcesFiltering - Copying 1 resource from src\main\resources to target\classes
2024-10-21 17:52:29,736 [Worker-11: Building] INFO  o.a.m.s.f.DefaultMavenResourcesFiltering - Copying 0 resource from src\main\resources to target\classes
2024-10-21 17:52:29,751 [Worker-11: Building] INFO  o.a.m.s.f.DefaultMavenResourcesFiltering - skip non existing resourceDirectory D:\2.EmployeeManagementProject\EmployeeManagementSystem-main\emsBackend\src\test\resources
2024-10-21 17:57:12,396 [Worker-12: Building] INFO  o.a.m.s.f.DefaultMavenResourcesFiltering - Copying 1 resource from src\main\resources to target\classes
2024-10-21 17:57:12,446 [Worker-12: Building] INFO  o.a.m.s.f.DefaultMavenResourcesFiltering - Copying 0 resource from src\main\resources to target\classes
2024-10-21 17:57:12,463 [Worker-12: Building] INFO  o.a.m.s.f.DefaultMavenResourcesFiltering - skip non existing resourceDirectory D:\2.EmployeeManagementProject\EmployeeManagementSystem-main\emsBackend\src\test\resources
